<?xml version="1.0" encoding="utf-8"?>
<TestRun id="b2da775b-1509-4be1-a63c-e6b1b0e2e237" name="ciungu@ROM0062 2025-01-20 16:40:03" runUser="FEV\ciungu" xmlns="http://microsoft.com/schemas/VisualStudio/TeamTest/2010">
  <Times creation="2025-01-20T16:40:03.4145538+02:00" queuing="2025-01-20T16:40:03.4145541+02:00" start="2025-01-20T16:39:48.8645461+02:00" finish="2025-01-20T16:40:03.4277927+02:00" />
  <TestSettings name="default" id="f8513707-bdac-4a91-8da4-da65e1794b01">
    <Deployment runDeploymentRoot="ciungu_ROM0062_2025-01-20_16_40_03" />
  </TestSettings>
  <Results>
    <UnitTestResult executionId="828260fa-7e2c-44b9-85e6-5356ecc22f23" testId="dd2cc302-e7bc-65f0-12d3-951a7c9fcbd0" testName="TestAlma.AlmaTest.SearchObservationUnitSetTest" computerName="ROM0062" duration="00:00:12.6480000" startTime="2025-01-20T16:39:50.4290032+02:00" endTime="2025-01-20T16:40:03.1596483+02:00" testType="13cdc9d9-ddb5-4fa4-a97d-d965ccfc6d4b" outcome="Failed" testListId="8c84fa94-04c1-424b-9868-57a2d4851a1d" relativeResultsDirectory="828260fa-7e2c-44b9-85e6-5356ecc22f23">
      <Output>
        <ErrorInfo>
          <Message> No observing targets found for the given OUS ID.</Message>
          <StackTrace>   at TestAlma.AlmaTest.SearchObservationUnitSetTest() in C:\Users\ciungu\source\repos\TestAlma\AlmaTest.cs:line 62</StackTrace>
        </ErrorInfo>
      </Output>
    </UnitTestResult>
  </Results>
  <TestDefinitions>
    <UnitTest name="TestAlma.AlmaTest.SearchObservationUnitSetTest" storage="c:\users\ciungu\source\repos\testalma\bin\debug\testalma.dll" id="dd2cc302-e7bc-65f0-12d3-951a7c9fcbd0">
      <Execution id="828260fa-7e2c-44b9-85e6-5356ecc22f23" />
      <TestMethod codeBase="C:\Users\ciungu\source\repos\TestAlma\bin\Debug\TestAlma.dll" adapterTypeName="executor://xunit/VsTestRunner3/netfx/" className="TestAlma.AlmaTest" name="SearchObservationUnitSetTest" />
    </UnitTest>
  </TestDefinitions>
  <TestEntries>
    <TestEntry testId="dd2cc302-e7bc-65f0-12d3-951a7c9fcbd0" executionId="828260fa-7e2c-44b9-85e6-5356ecc22f23" testListId="8c84fa94-04c1-424b-9868-57a2d4851a1d" />
  </TestEntries>
  <TestLists>
    <TestList name="Results Not in a List" id="8c84fa94-04c1-424b-9868-57a2d4851a1d" />
    <TestList name="All Loaded Results" id="19431567-8539-422a-85d7-44ee4e166bda" />
  </TestLists>
  <ResultSummary outcome="Failed">
    <Counters total="1" executed="1" passed="0" failed="1" error="0" timeout="0" aborted="0" inconclusive="0" passedButRunAborted="0" notRunnable="0" notExecuted="0" disconnected="0" warning="0" completed="0" inProgress="0" pending="0" />
    <Output>
      <StdOut>[xUnit.net 00:00:00.00] xUnit.net VSTest Adapter v3.0.1+f8675c32e5 (64-bit .NET Framework 4.8.9282.0)&#xD;
[xUnit.net 00:00:00.64]   Discovering: TestAlma&#xD;
[xUnit.net 00:00:00.72]   Discovered:  TestAlma&#xD;
[xUnit.net 00:00:00.78]   Starting:    TestAlma&#xD;
Starting Microsoft Edge WebDriver 131.0.2903.48 (eb872b980f9ea5184cec7f71c2e6df8ac30265cc) on port 53897&#xD;
To submit feedback, report a bug, or suggest new features, please visit https://github.com/MicrosoftEdge/EdgeWebDriver&#xD;
Only local connections are allowed.&#xD;
Please see https://aka.ms/WebDriverSecurity for suggestions on keeping Microsoft Edge WebDriver safe.&#xD;
Microsoft Edge WebDriver was started successfully.&#xD;
msedgedriver was started successfully on port 53897.&#xD;
[1737383992.217][WARNING]: This version of Microsoft Edge WebDriver has not been tested with Microsoft Edge version 132.&#xD;
[xUnit.net 00:00:13.56]        No observing targets found for the given OUS ID.&#xD;
[xUnit.net 00:00:13.56]       Stack Trace:&#xD;
[xUnit.net 00:00:13.56]         AlmaTest.cs(62,0): at TestAlma.AlmaTest.SearchObservationUnitSetTest()&#xD;
[xUnit.net 00:00:13.60]   Finished:    TestAlma&#xD;
</StdOut>
    </Output>
    <RunInfos>
      <RunInfo computerName="ROM0062" outcome="Error" timestamp="2025-01-20T16:40:03.1662366+02:00">
        <Text>[xUnit.net 00:00:13.56]     TestAlma.AlmaTest.SearchObservationUnitSetTest [FAIL]</Text>
      </RunInfo>
    </RunInfos>
  </ResultSummary>
</TestRun>