<?xml version="1.0" encoding="utf-8"?>
<TestRun id="5c95c1a7-0e38-4a0b-95ea-476ab0565f67" name="ciungu@ROM0062 2025-01-20 16:41:55" runUser="FEV\ciungu" xmlns="http://microsoft.com/schemas/VisualStudio/TeamTest/2010">
  <Times creation="2025-01-20T16:41:55.8827450+02:00" queuing="2025-01-20T16:41:55.8827454+02:00" start="2025-01-20T16:41:38.9396714+02:00" finish="2025-01-20T16:41:55.8870364+02:00" />
  <TestSettings name="default" id="4501895f-0872-4f5f-a69e-217b923b5e8d">
    <Deployment runDeploymentRoot="ciungu_ROM0062_2025-01-20_16_41_55" />
  </TestSettings>
  <Results>
    <UnitTestResult executionId="209bc7af-a7f1-4753-bcac-9f4c15bc74e9" testId="dd2cc302-e7bc-65f0-12d3-951a7c9fcbd0" testName="TestAlma.AlmaTest.SearchObservationUnitSetTest" computerName="ROM0062" duration="00:00:14.7020000" startTime="2025-01-20T16:41:40.9026476+02:00" endTime="2025-01-20T16:41:55.6210988+02:00" testType="13cdc9d9-ddb5-4fa4-a97d-d965ccfc6d4b" outcome="Passed" testListId="8c84fa94-04c1-424b-9868-57a2d4851a1d" relativeResultsDirectory="209bc7af-a7f1-4753-bcac-9f4c15bc74e9" />
  </Results>
  <TestDefinitions>
    <UnitTest name="TestAlma.AlmaTest.SearchObservationUnitSetTest" storage="c:\users\ciungu\source\repos\testalma\bin\debug\testalma.dll" id="dd2cc302-e7bc-65f0-12d3-951a7c9fcbd0">
      <Execution id="209bc7af-a7f1-4753-bcac-9f4c15bc74e9" />
      <TestMethod codeBase="C:\Users\ciungu\source\repos\TestAlma\bin\Debug\TestAlma.dll" adapterTypeName="executor://xunit/VsTestRunner3/netfx/" className="TestAlma.AlmaTest" name="SearchObservationUnitSetTest" />
    </UnitTest>
  </TestDefinitions>
  <TestEntries>
    <TestEntry testId="dd2cc302-e7bc-65f0-12d3-951a7c9fcbd0" executionId="209bc7af-a7f1-4753-bcac-9f4c15bc74e9" testListId="8c84fa94-04c1-424b-9868-57a2d4851a1d" />
  </TestEntries>
  <TestLists>
    <TestList name="Results Not in a List" id="8c84fa94-04c1-424b-9868-57a2d4851a1d" />
    <TestList name="All Loaded Results" id="19431567-8539-422a-85d7-44ee4e166bda" />
  </TestLists>
  <ResultSummary outcome="Completed">
    <Counters total="1" executed="1" passed="1" failed="0" error="0" timeout="0" aborted="0" inconclusive="0" passedButRunAborted="0" notRunnable="0" notExecuted="0" disconnected="0" warning="0" completed="0" inProgress="0" pending="0" />
    <Output>
      <StdOut>[xUnit.net 00:00:00.00] xUnit.net VSTest Adapter v3.0.1+f8675c32e5 (64-bit .NET Framework 4.8.9282.0)&#xD;
[xUnit.net 00:00:00.82]   Discovering: TestAlma&#xD;
[xUnit.net 00:00:00.94]   Discovered:  TestAlma&#xD;
[xUnit.net 00:00:01.00]   Starting:    TestAlma&#xD;
Starting Microsoft Edge WebDriver 131.0.2903.48 (eb872b980f9ea5184cec7f71c2e6df8ac30265cc) on port 53964&#xD;
To submit feedback, report a bug, or suggest new features, please visit https://github.com/MicrosoftEdge/EdgeWebDriver&#xD;
Only local connections are allowed.&#xD;
Please see https://aka.ms/WebDriverSecurity for suggestions on keeping Microsoft Edge WebDriver safe.&#xD;
Microsoft Edge WebDriver was started successfully.&#xD;
msedgedriver was started successfully on port 53964.&#xD;
[1737384103.181][WARNING]: This version of Microsoft Edge WebDriver has not been tested with Microsoft Edge version 132.&#xD;
Test Passed: Found one or multiple observing targets for OUS ID 'uid://A002/X639a2a/X2a'.&#xD;
[xUnit.net 00:00:15.80]   Finished:    TestAlma&#xD;
</StdOut>
    </Output>
  </ResultSummary>
</TestRun>