<?xml version="1.0" encoding="utf-8"?>
<TestRun id="983c9a30-726a-4c8e-ad22-aaa899dd5a58" name="ciungu@ROM0062 2025-01-20 16:34:31" runUser="FEV\ciungu" xmlns="http://microsoft.com/schemas/VisualStudio/TeamTest/2010">
  <Times creation="2025-01-20T16:34:31.3910817+02:00" queuing="2025-01-20T16:34:31.3910821+02:00" start="2025-01-20T16:34:21.1029057+02:00" finish="2025-01-20T16:34:31.4087245+02:00" />
  <TestSettings name="default" id="3d8e99dd-453f-481b-9ba6-77379cea2eff">
    <Deployment runDeploymentRoot="ciungu_ROM0062_2025-01-20_16_34_31" />
  </TestSettings>
  <Results>
    <UnitTestResult executionId="d8ade692-1dbc-457b-86e8-6af881646034" testId="dd2cc302-e7bc-65f0-12d3-951a7c9fcbd0" testName="TestAlma.AlmaTest.SearchObservationUnitSetTest" computerName="ROM0062" duration="00:00:07.9980000" startTime="2025-01-20T16:34:23.1171417+02:00" endTime="2025-01-20T16:34:31.1711447+02:00" testType="13cdc9d9-ddb5-4fa4-a97d-d965ccfc6d4b" outcome="Failed" testListId="8c84fa94-04c1-424b-9868-57a2d4851a1d" relativeResultsDirectory="d8ade692-1dbc-457b-86e8-6af881646034">
      <Output>
        <ErrorInfo>
          <Message>OpenQA.Selenium.NoSuchElementException : no such element: Unable to locate element: {"method":"css selector","selector":"#header\-filter\-mous3"}
  (Session info: MicrosoftEdge=132.0.2957.115); For documentation on this error, please visit: https://www.selenium.dev/documentation/webdriver/troubleshooting/errors#no-such-element-exception</Message>
          <StackTrace>   at OpenQA.Selenium.WebDriver.UnpackAndThrowOnError(Response errorResponse, String commandToExecute)&#xD;
   at OpenQA.Selenium.WebDriver.&lt;ExecuteAsync&gt;d__63.MoveNext()&#xD;
--- End of stack trace from previous location where exception was thrown ---&#xD;
   at System.Runtime.ExceptionServices.ExceptionDispatchInfo.Throw()&#xD;
   at System.Runtime.CompilerServices.TaskAwaiter.HandleNonSuccessAndDebuggerNotification(Task task)&#xD;
   at OpenQA.Selenium.WebDriver.Execute(String driverCommandToExecute, Dictionary`2 parameters)&#xD;
   at OpenQA.Selenium.WebDriver.FindElement(String mechanism, String value)&#xD;
   at TestAlma.AlmaTest.SearchObservationUnitSetTest() in C:\Users\ciungu\source\repos\TestAlma\AlmaTest.cs:line 53</StackTrace>
        </ErrorInfo>
      </Output>
    </UnitTestResult>
  </Results>
  <TestDefinitions>
    <UnitTest name="TestAlma.AlmaTest.SearchObservationUnitSetTest" storage="c:\users\ciungu\source\repos\testalma\bin\debug\testalma.dll" id="dd2cc302-e7bc-65f0-12d3-951a7c9fcbd0">
      <Execution id="d8ade692-1dbc-457b-86e8-6af881646034" />
      <TestMethod codeBase="C:\Users\ciungu\source\repos\TestAlma\bin\Debug\TestAlma.dll" adapterTypeName="executor://xunit/VsTestRunner3/netfx/" className="TestAlma.AlmaTest" name="SearchObservationUnitSetTest" />
    </UnitTest>
  </TestDefinitions>
  <TestEntries>
    <TestEntry testId="dd2cc302-e7bc-65f0-12d3-951a7c9fcbd0" executionId="d8ade692-1dbc-457b-86e8-6af881646034" testListId="8c84fa94-04c1-424b-9868-57a2d4851a1d" />
  </TestEntries>
  <TestLists>
    <TestList name="Results Not in a List" id="8c84fa94-04c1-424b-9868-57a2d4851a1d" />
    <TestList name="All Loaded Results" id="19431567-8539-422a-85d7-44ee4e166bda" />
  </TestLists>
  <ResultSummary outcome="Failed">
    <Counters total="1" executed="1" passed="0" failed="1" error="0" timeout="0" aborted="0" inconclusive="0" passedButRunAborted="0" notRunnable="0" notExecuted="0" disconnected="0" warning="0" completed="0" inProgress="0" pending="0" />
    <Output>
      <StdOut>[xUnit.net 00:00:00.00] xUnit.net VSTest Adapter v3.0.1+f8675c32e5 (64-bit .NET Framework 4.8.9282.0)&#xD;
[xUnit.net 00:00:00.77]   Discovering: TestAlma&#xD;
[xUnit.net 00:00:00.88]   Discovered:  TestAlma&#xD;
[xUnit.net 00:00:00.94]   Starting:    TestAlma&#xD;
Starting Microsoft Edge WebDriver 131.0.2903.48 (eb872b980f9ea5184cec7f71c2e6df8ac30265cc) on port 53665&#xD;
To submit feedback, report a bug, or suggest new features, please visit https://github.com/MicrosoftEdge/EdgeWebDriver&#xD;
Only local connections are allowed.&#xD;
Please see https://aka.ms/WebDriverSecurity for suggestions on keeping Microsoft Edge WebDriver safe.&#xD;
Microsoft Edge WebDriver was started successfully.&#xD;
msedgedriver was started successfully on port 53665.&#xD;
[1737383665.490][WARNING]: This version of Microsoft Edge WebDriver has not been tested with Microsoft Edge version 132.&#xD;
[xUnit.net 00:00:09.05]       OpenQA.Selenium.NoSuchElementException : no such element: Unable to locate element: {"method":"css selector","selector":"#header\-filter\-mous3"}
  (Session info: MicrosoftEdge=132.0.2957.115); For documentation on this error, please visit: https://www.selenium.dev/documentation/webdriver/troubleshooting/errors#no-such-element-exception&#xD;
[xUnit.net 00:00:09.05]       Stack Trace:&#xD;
[xUnit.net 00:00:09.05]            at OpenQA.Selenium.WebDriver.UnpackAndThrowOnError(Response errorResponse, String commandToExecute)&#xD;
[xUnit.net 00:00:09.05]            at OpenQA.Selenium.WebDriver.&lt;ExecuteAsync&gt;d__63.MoveNext()&#xD;
[xUnit.net 00:00:09.05]         --- End of stack trace from previous location where exception was thrown ---&#xD;
[xUnit.net 00:00:09.05]            at System.Runtime.ExceptionServices.ExceptionDispatchInfo.Throw()&#xD;
[xUnit.net 00:00:09.05]            at System.Runtime.CompilerServices.TaskAwaiter.HandleNonSuccessAndDebuggerNotification(Task task)&#xD;
[xUnit.net 00:00:09.05]            at OpenQA.Selenium.WebDriver.Execute(String driverCommandToExecute, Dictionary`2 parameters)&#xD;
[xUnit.net 00:00:09.05]            at OpenQA.Selenium.WebDriver.FindElement(String mechanism, String value)&#xD;
[xUnit.net 00:00:09.05]         AlmaTest.cs(53,0): at TestAlma.AlmaTest.SearchObservationUnitSetTest()&#xD;
[xUnit.net 00:00:09.08]   Finished:    TestAlma&#xD;
</StdOut>
    </Output>
    <RunInfos>
      <RunInfo computerName="ROM0062" outcome="Error" timestamp="2025-01-20T16:34:31.1778113+02:00">
        <Text>[xUnit.net 00:00:09.05]     TestAlma.AlmaTest.SearchObservationUnitSetTest [FAIL]</Text>
      </RunInfo>
    </RunInfos>
  </ResultSummary>
</TestRun>